npm verb cli /usr/local/bin/node /usr/local/bin/npm
npm info using npm@8.15.0
npm info using node@v16.17.0
npm timing npm:load:whichnode Completed in 0ms
npm timing config:load:defaults Completed in 1ms
npm timing config:load:file:/usr/local/lib/node_modules/npm/npmrc Completed in 0ms
npm timing config:load:builtin Completed in 0ms
npm timing config:load:cli Completed in 1ms
npm timing config:load:env Completed in 0ms
npm timing config:load:file:/Users/sachin/Desktop/Percy-Cypress-Automate/Percy-Automate/tmpBstackPackages/.npmrc Completed in 0ms
npm timing config:load:project Completed in 5ms
npm timing config:load:file:/Users/sachin/.npmrc Completed in 0ms
npm timing config:load:user Completed in 0ms
npm timing config:load:file:/usr/local/etc/npmrc Completed in 0ms
npm timing config:load:global Completed in 0ms
npm timing config:load:validate Completed in 1ms
npm timing config:load:credentials Completed in 0ms
npm timing config:load:setEnvs Completed in 0ms
npm timing config:load Completed in 9ms
npm timing npm:load:configload Completed in 9ms
npm timing npm:load:mkdirpcache Completed in 0ms
npm timing npm:load:mkdirplogs Completed in 0ms
npm verb title npm install
npm verb argv "install" "--loglevel" "verbose"
npm timing npm:load:setTitle Completed in 6ms
npm timing config:load:flatten Completed in 1ms
npm timing npm:load:display Completed in 3ms
npm verb logfile logs-max:10 dir:/Users/sachin/.npm/_logs
npm verb logfile /Users/sachin/.npm/_logs/2022-08-26T10_35_49_198Z-debug-0.log
npm timing npm:load:logFile Completed in 3ms
npm timing npm:load:timers Completed in 0ms
npm timing npm:load:configScope Completed in 0ms
npm timing npm:load Completed in 22ms
npm timing arborist:ctor Completed in 0ms
npm timing arborist:ctor Completed in 0ms
npm timing idealTree:init Completed in 6ms
npm timing idealTree:userRequests Completed in 1ms
npm http fetch GET 200 https://registry.npmjs.org/@percy%2fcli 327ms (cache revalidated)
npm http fetch GET 200 https://registry.npmjs.org/@percy%2fcypress 2495ms (cache revalidated)
npm http fetch GET 200 https://registry.npmjs.org/cypress 56ms (cache revalidated)
npm http fetch GET 200 https://registry.npmjs.org/mochawesome 39ms (cache revalidated)
npm http fetch GET 200 https://registry.npmjs.org/mocha 37ms (cache revalidated)
npm http fetch GET 200 https://registry.npmjs.org/@cypress%2frequest 154ms (cache revalidated)
npm http fetch GET 200 https://registry.npmjs.org/chalk 167ms (cache revalidated)
npm http fetch GET 200 https://registry.npmjs.org/bluebird 172ms (cache revalidated)
npm http fetch GET 200 https://registry.npmjs.org/blob-util 176ms (cache revalidated)
npm http fetch GET 200 https://registry.npmjs.org/@types%2fsizzle 177ms (cache revalidated)
npm http fetch GET 200 https://registry.npmjs.org/arch 182ms (cache revalidated)
npm http fetch GET 200 https://registry.npmjs.org/cachedir 183ms (cache revalidated)
npm http fetch GET 200 https://registry.npmjs.org/cli-table3 183ms (cache revalidated)
npm http fetch GET 200 https://registry.npmjs.org/@types%2fnode 192ms (cache revalidated)
npm http fetch GET 200 https://registry.npmjs.org/dayjs 212ms (cache revalidated)
npm http fetch GET 200 https://registry.npmjs.org/cli-cursor 214ms (cache revalidated)
npm http fetch GET 200 https://registry.npmjs.org/common-tags 214ms (cache revalidated)
npm http fetch GET 200 https://registry.npmjs.org/enquirer 214ms (cache revalidated)
npm http fetch GET 200 https://registry.npmjs.org/debug 215ms (cache revalidated)
npm http fetch GET 200 https://registry.npmjs.org/eventemitter2 216ms (cache revalidated)
npm http fetch GET 200 https://registry.npmjs.org/@types%2fsinonjs__fake-timers 224ms (cache revalidated)
npm http fetch GET 200 https://registry.npmjs.org/execa 226ms (cache revalidated)
npm http fetch GET 200 https://registry.npmjs.org/extract-zip 233ms (cache revalidated)
npm http fetch GET 200 https://registry.npmjs.org/lodash 232ms (cache revalidated)
npm http fetch GET 200 https://registry.npmjs.org/fs-extra 235ms (cache revalidated)
npm http fetch GET 200 https://registry.npmjs.org/is-installed-globally 242ms (cache revalidated)
npm http fetch GET 200 https://registry.npmjs.org/getos 243ms (cache revalidated)
npm http fetch GET 200 https://registry.npmjs.org/@cypress%2fxvfb 260ms (cache revalidated)
npm http fetch GET 200 https://registry.npmjs.org/minimist 256ms (cache revalidated)
npm http fetch GET 200 https://registry.npmjs.org/pretty-bytes 266ms (cache revalidated)
npm http fetch GET 200 https://registry.npmjs.org/log-symbols 272ms (cache revalidated)
npm http fetch GET 200 https://registry.npmjs.org/untildify 278ms (cache revalidated)
npm http fetch GET 200 https://registry.npmjs.org/commander 287ms (cache revalidated)
npm http fetch GET 200 https://registry.npmjs.org/supports-color 304ms (cache revalidated)
npm http fetch GET 200 https://registry.npmjs.org/is-ci 317ms (cache revalidated)
npm http fetch GET 200 https://registry.npmjs.org/lodash.isobject 312ms (cache revalidated)
npm http fetch GET 200 https://registry.npmjs.org/buffer 329ms (cache revalidated)
npm http fetch GET 200 https://registry.npmjs.org/json-stringify-safe 318ms (cache revalidated)
npm http fetch GET 200 https://registry.npmjs.org/executable 343ms (cache revalidated)
npm http fetch GET 200 https://registry.npmjs.org/yauzl 340ms (cache revalidated)
npm http fetch GET 200 https://registry.npmjs.org/lodash.isfunction 342ms (cache revalidated)
npm http fetch GET 200 https://registry.npmjs.org/chalk 359ms (cache revalidated)
npm http fetch GET 200 https://registry.npmjs.org/browser-stdout 375ms (cache revalidated)
npm http fetch GET 200 https://registry.npmjs.org/diff 390ms (cache revalidated)
npm http fetch GET 200 https://registry.npmjs.org/diff 383ms (cache revalidated)
npm http fetch GET 200 https://registry.npmjs.org/uuid 386ms (cache revalidated)
npm http fetch GET 200 https://registry.npmjs.org/listr2 397ms (cache revalidated)
npm http fetch GET 200 https://registry.npmjs.org/@percy%2fcli-command 415ms (cache revalidated)
npm http fetch GET 200 https://registry.npmjs.org/strip-ansi 411ms (cache revalidated)
npm http fetch GET 200 https://registry.npmjs.org/@percy%2fsdk-utils 444ms (cache revalidated)
npm http fetch GET 200 https://registry.npmjs.org/debug 423ms (cache revalidated)
npm http fetch GET 200 https://registry.npmjs.org/request-progress 451ms (cache revalidated)
npm http fetch GET 200 https://registry.npmjs.org/find-up 445ms (cache revalidated)
npm http fetch GET 200 https://registry.npmjs.org/log-symbols 446ms (cache revalidated)
npm http fetch GET 200 https://registry.npmjs.org/supports-color 447ms (cache revalidated)
npm http fetch GET 200 https://registry.npmjs.org/ansi-colors 458ms (cache revalidated)
npm http fetch GET 200 https://registry.npmjs.org/figures 487ms (cache revalidated)
npm http fetch GET 200 https://registry.npmjs.org/nanoid 478ms (cache revalidated)
npm http fetch GET 200 https://registry.npmjs.org/chokidar 483ms (cache revalidated)
npm http fetch GET 200 https://registry.npmjs.org/escape-string-regexp 487ms (cache revalidated)
npm http fetch GET 200 https://registry.npmjs.org/strip-json-comments 486ms (cache revalidated)
npm http fetch GET 200 https://registry.npmjs.org/serialize-javascript 493ms (cache revalidated)
npm http fetch GET 200 https://registry.npmjs.org/he 501ms (cache revalidated)
npm http fetch GET 200 https://registry.npmjs.org/@ungap%2fpromise-all-settled 505ms (cache revalidated)
npm http fetch GET 200 https://registry.npmjs.org/ospath 525ms (cache revalidated)
npm http fetch GET 200 https://registry.npmjs.org/glob 517ms (cache revalidated)
npm http fetch GET 200 https://registry.npmjs.org/tmp 531ms (cache revalidated)
npm http fetch GET 200 https://registry.npmjs.org/minimatch 522ms (cache revalidated)
npm http fetch GET 200 https://registry.npmjs.org/@percy%2fcli-build 552ms (cache revalidated)
npm http fetch GET 200 https://registry.npmjs.org/js-yaml 535ms (cache revalidated)
npm http fetch GET 200 https://registry.npmjs.org/proxy-from-env 559ms (cache revalidated)
npm http fetch GET 200 https://registry.npmjs.org/semver 571ms (cache revalidated)
npm http fetch GET 200 https://registry.npmjs.org/lodash.isstring 564ms (cache revalidated)
npm http fetch GET 200 https://registry.npmjs.org/workerpool 561ms (cache revalidated)
npm http fetch GET 200 https://registry.npmjs.org/yargs-unparser 581ms (cache revalidated)
npm http fetch GET 200 https://registry.npmjs.org/yargs-parser 589ms (cache revalidated)
npm http fetch GET 200 https://registry.npmjs.org/ms 592ms (cache revalidated)
npm http fetch GET 200 https://registry.npmjs.org/yargs 599ms (cache revalidated)
npm http fetch GET 200 https://registry.npmjs.org/lazy-ass 645ms (cache revalidated)
npm http fetch GET 200 https://registry.npmjs.org/@percy%2fcli-exec 803ms (cache revalidated)
npm http fetch GET 200 https://registry.npmjs.org/@percy%2fcli-upload 825ms (cache revalidated)
npm http fetch GET 200 https://registry.npmjs.org/@percy%2fcli-config 830ms (cache revalidated)
npm http fetch GET 200 https://registry.npmjs.org/@percy%2fclient 956ms (cache revalidated)
npm http fetch GET 200 https://registry.npmjs.org/check-more-types 1305ms (cache revalidated)
npm http fetch GET 200 https://registry.npmjs.org/mochawesome-report-generator 1396ms (cache revalidated)
npm http fetch GET 200 https://registry.npmjs.org/lodash.isempty 1408ms (cache revalidated)
npm http fetch GET 200 https://registry.npmjs.org/@percy%2fcli-snapshot 1744ms (cache revalidated)
npm http fetch GET 200 https://registry.npmjs.org/@percy%2flogger 1878ms (cache revalidated)
npm timing idealTree:#root Completed in 4856ms
npm http fetch GET 200 https://registry.npmjs.org/which 38ms (cache revalidated)
npm http fetch GET 200 https://registry.npmjs.org/fast-glob 44ms (cache revalidated)
npm http fetch GET 200 https://registry.npmjs.org/cross-spawn 49ms (cache revalidated)
npm http fetch GET 200 https://registry.npmjs.org/yaml 49ms (cache revalidated)
npm http fetch GET 200 https://registry.npmjs.org/image-size 97ms (cache revalidated)
npm http fetch GET 200 https://registry.npmjs.org/@percy%2fconfig 309ms (cache revalidated)
npm http fetch GET 200 https://registry.npmjs.org/@percy%2fenv 381ms (cache revalidated)
npm http fetch GET 200 https://registry.npmjs.org/@percy%2fcore 411ms (cache revalidated)
npm timing idealTree:node_modules/@percy/cli Completed in 423ms
npm timing idealTree:node_modules/@percy/cli-build Completed in 0ms
npm http fetch GET 200 https://registry.npmjs.org/path-to-regexp 42ms (cache revalidated)
npm http fetch GET 200 https://registry.npmjs.org/ws 44ms (cache revalidated)
npm http fetch GET 200 https://registry.npmjs.org/content-disposition 47ms (cache revalidated)
npm http fetch GET 200 https://registry.npmjs.org/rimraf 56ms (cache revalidated)
npm http fetch GET 200 https://registry.npmjs.org/cosmiconfig 59ms (cache revalidated)
npm http fetch GET 200 https://registry.npmjs.org/micromatch 58ms (cache revalidated)
npm http fetch GET 200 https://registry.npmjs.org/mime-types 78ms (cache revalidated)
npm http fetch GET 200 https://registry.npmjs.org/ajv 136ms (cache revalidated)
npm http fetch GET 200 https://registry.npmjs.org/@percy%2fdom 2613ms (cache revalidated)
npm timing idealTree:node_modules/@percy/cli-command Completed in 2616ms
npm timing idealTree:node_modules/@percy/cli-config Completed in 0ms
npm http fetch GET 200 https://registry.npmjs.org/shebang-command 38ms (cache revalidated)
npm http fetch GET 200 https://registry.npmjs.org/isexe 55ms (cache revalidated)
npm http fetch GET 200 https://registry.npmjs.org/path-key 57ms (cache revalidated)
npm timing idealTree:node_modules/@percy/cli-exec Completed in 58ms
npm timing idealTree:node_modules/@percy/cli-snapshot Completed in 1ms
npm http fetch GET 200 https://registry.npmjs.org/merge2 46ms (cache revalidated)
npm http fetch GET 200 https://registry.npmjs.org/glob-parent 46ms (cache revalidated)
npm http fetch GET 200 https://registry.npmjs.org/queue 47ms (cache revalidated)
npm http fetch GET 200 https://registry.npmjs.org/@nodelib%2ffs.walk 72ms (cache revalidated)
npm http fetch GET 200 https://registry.npmjs.org/@nodelib%2ffs.stat 84ms (cache revalidated)
npm timing idealTree:node_modules/@percy/cli-upload Completed in 85ms
npm timing idealTree:node_modules/@percy/client Completed in 0ms
npm http fetch GET 200 https://registry.npmjs.org/fast-deep-equal 44ms (cache revalidated)
npm http fetch GET 200 https://registry.npmjs.org/import-fresh 48ms (cache revalidated)
npm http fetch GET 200 https://registry.npmjs.org/uri-js 48ms (cache revalidated)
npm http fetch GET 200 https://registry.npmjs.org/path-type 47ms (cache revalidated)
npm http fetch GET 200 https://registry.npmjs.org/parse-json 50ms (cache revalidated)
npm http fetch GET 200 https://registry.npmjs.org/require-from-string 53ms (cache revalidated)
npm http fetch GET 200 https://registry.npmjs.org/json-schema-traverse 57ms (cache revalidated)
npm http fetch GET 200 https://registry.npmjs.org/@types%2fparse-json 88ms (cache revalidated)
npm timing idealTree:node_modules/@percy/config Completed in 91ms
npm http fetch GET 200 https://registry.npmjs.org/bufferutil 47ms (cache revalidated)
npm http fetch GET 200 https://registry.npmjs.org/utf-8-validate 58ms (cache revalidated)
npm http fetch GET 200 https://registry.npmjs.org/mime-db 44ms (cache revalidated)
npm http fetch GET 200 https://registry.npmjs.org/picomatch 46ms (cache revalidated)
npm http fetch GET 200 https://registry.npmjs.org/get-stream 49ms (cache revalidated)
npm http fetch GET 200 https://registry.npmjs.org/safe-buffer 54ms (cache revalidated)
npm http fetch GET 200 https://registry.npmjs.org/braces 57ms (cache revalidated)
npm http fetch GET 200 https://registry.npmjs.org/@types%2fyauzl 59ms (cache revalidated)
npm timing idealTree:node_modules/@percy/core Completed in 172ms
npm timing idealTree:node_modules/@percy/cypress Completed in 0ms
npm timing idealTree:node_modules/@percy/dom Completed in 0ms
npm timing idealTree:node_modules/@percy/env Completed in 0ms
npm timing idealTree:node_modules/@percy/logger Completed in 0ms
npm timing idealTree:node_modules/@percy/sdk-utils Completed in 0ms
npm http fetch GET 200 https://registry.npmjs.org/punycode 38ms (cache revalidated)
npm timing idealTree:node_modules/ajv Completed in 39ms
npm timing idealTree:node_modules/content-disposition Completed in 1ms
npm http fetch GET 200 https://registry.npmjs.org/json-parse-even-better-errors 38ms (cache revalidated)
npm http fetch GET 200 https://registry.npmjs.org/lines-and-columns 38ms (cache revalidated)
npm http fetch GET 200 https://registry.npmjs.org/parent-module 41ms (cache revalidated)
npm http fetch GET 200 https://registry.npmjs.org/resolve-from 42ms (cache revalidated)
npm http fetch GET 200 https://registry.npmjs.org/error-ex 42ms (cache revalidated)
npm http fetch GET 200 https://registry.npmjs.org/@babel%2fcode-frame 63ms (cache revalidated)
npm timing idealTree:node_modules/cosmiconfig Completed in 65ms
npm timing idealTree:node_modules/@types/parse-json Completed in 0ms
npm http fetch GET 200 https://registry.npmjs.org/shebang-regex 36ms (cache revalidated)
npm timing idealTree:node_modules/cross-spawn Completed in 39ms
npm http fetch GET 200 https://registry.npmjs.org/qs 67ms (cache revalidated)
npm http fetch GET 200 https://registry.npmjs.org/string-width 84ms (cache revalidated)
npm http fetch GET 200 https://registry.npmjs.org/is-typedarray 88ms (cache revalidated)
npm http fetch GET 200 https://registry.npmjs.org/forever-agent 89ms (cache revalidated)
npm http fetch GET 200 https://registry.npmjs.org/form-data 90ms (cache revalidated)
npm http fetch GET 200 https://registry.npmjs.org/extend 91ms (cache revalidated)
npm http fetch GET 200 https://registry.npmjs.org/aws-sign2 95ms (cache revalidated)
npm http fetch GET 200 https://registry.npmjs.org/http-signature 95ms (cache revalidated)
npm http fetch GET 200 https://registry.npmjs.org/performance-now 94ms (cache revalidated)
npm http fetch GET 200 https://registry.npmjs.org/isstream 95ms (cache revalidated)
npm http fetch GET 200 https://registry.npmjs.org/lodash.once 94ms (cache revalidated)
npm http fetch GET 200 https://registry.npmjs.org/ansi-styles 94ms (cache revalidated)
npm http fetch GET 200 https://registry.npmjs.org/tough-cookie 97ms (cache updated)
npm http fetch GET 200 https://registry.npmjs.org/strip-final-newline 109ms (cache revalidated)
npm http fetch GET 200 https://registry.npmjs.org/npm-run-path 109ms (cache revalidated)
npm http fetch GET 200 https://registry.npmjs.org/ieee754 116ms (cache revalidated)
npm http fetch GET 200 https://registry.npmjs.org/restore-cursor 117ms (cache revalidated)
npm http fetch GET 200 https://registry.npmjs.org/is-stream 122ms (cache revalidated)
npm http fetch GET 200 https://registry.npmjs.org/base64-js 124ms (cache revalidated)
npm http fetch GET 200 https://registry.npmjs.org/graceful-fs 121ms (cache revalidated)
npm http fetch GET 200 https://registry.npmjs.org/tunnel-agent 127ms (cache revalidated)
npm http fetch GET 200 https://registry.npmjs.org/human-signals 126ms (cache revalidated)
npm http fetch GET 200 https://registry.npmjs.org/jsonfile 125ms (cache revalidated)
npm http fetch GET 200 https://registry.npmjs.org/onetime 128ms (cache revalidated)
npm http fetch GET 200 https://registry.npmjs.org/pify 127ms (cache revalidated)
npm http fetch GET 200 https://registry.npmjs.org/at-least-node 132ms (cache revalidated)
npm http fetch GET 200 https://registry.npmjs.org/signal-exit 133ms (cache revalidated)
npm http fetch GET 200 https://registry.npmjs.org/@colors%2fcolors 140ms (cache revalidated)
npm http fetch GET 200 https://registry.npmjs.org/aws4 152ms (cache revalidated)
npm http fetch GET 200 https://registry.npmjs.org/global-dirs 150ms (cache revalidated)
npm http fetch GET 200 https://registry.npmjs.org/caseless 159ms (cache revalidated)
npm http fetch GET 200 https://registry.npmjs.org/rxjs 149ms (cache revalidated)
npm http fetch GET 200 https://registry.npmjs.org/is-path-inside 152ms (cache revalidated)
npm http fetch GET 200 https://registry.npmjs.org/async 156ms (cache revalidated)
npm http fetch GET 200 https://registry.npmjs.org/colorette 155ms (cache revalidated)
npm http fetch GET 200 https://registry.npmjs.org/cli-truncate 158ms (cache revalidated)
npm http fetch GET 200 https://registry.npmjs.org/p-map 166ms (cache revalidated)
npm http fetch GET 200 https://registry.npmjs.org/log-update 167ms (cache revalidated)
npm http fetch GET 200 https://registry.npmjs.org/combined-stream 180ms (cache revalidated)
npm http fetch GET 200 https://registry.npmjs.org/throttleit 170ms (cache revalidated)
npm http fetch GET 200 https://registry.npmjs.org/ci-info 184ms (cache revalidated)
npm http fetch GET 200 https://registry.npmjs.org/wrap-ansi 183ms (cache revalidated)
npm http fetch GET 200 https://registry.npmjs.org/is-unicode-supported 182ms (cache revalidated)
npm http fetch GET 200 https://registry.npmjs.org/universalify 186ms (cache revalidated)
npm http fetch GET 200 https://registry.npmjs.org/rfdc 184ms (cache revalidated)
npm http fetch GET 200 https://registry.npmjs.org/has-flag 182ms (cache revalidated)
npm http fetch GET 200 https://registry.npmjs.org/through 187ms (cache revalidated)
npm http fetch GET 200 https://registry.npmjs.org/lru-cache 185ms (cache revalidated)
npm http fetch GET 200 https://registry.npmjs.org/fd-slicer 193ms (cache revalidated)
npm http fetch GET 200 https://registry.npmjs.org/merge-stream 211ms (cache revalidated)
npm http fetch GET 200 https://registry.npmjs.org/buffer-crc32 215ms (cache revalidated)
npm timing idealTree:node_modules/cypress Completed in 254ms
npm http fetch GET 200 https://registry.npmjs.org/jsprim 33ms (cache revalidated)
npm http fetch GET 200 https://registry.npmjs.org/sshpk 37ms (cache revalidated)
npm http fetch GET 200 https://registry.npmjs.org/assert-plus 43ms (cache revalidated)
npm http fetch GET 200 https://registry.npmjs.org/asynckit 43ms (cache revalidated)
npm http fetch GET 200 https://registry.npmjs.org/delayed-stream 48ms (cache revalidated)
npm http fetch GET 200 https://registry.npmjs.org/psl 61ms (cache revalidated)
npm timing idealTree:node_modules/@cypress/request Completed in 69ms
npm timing idealTree:node_modules/@cypress/xvfb Completed in 1ms
npm timing idealTree:node_modules/@types/node Completed in 0ms
npm timing idealTree:node_modules/@types/sinonjs__fake-timers Completed in 0ms
npm timing idealTree:node_modules/@types/sizzle Completed in 0ms
npm timing idealTree:node_modules/arch Completed in 0ms
npm timing idealTree:node_modules/aws-sign2 Completed in 0ms
npm timing idealTree:node_modules/aws4 Completed in 0ms
npm timing idealTree:node_modules/blob-util Completed in 0ms
npm timing idealTree:node_modules/bluebird Completed in 0ms
npm timing idealTree:node_modules/buffer Completed in 1ms
npm timing idealTree:node_modules/base64-js Completed in 0ms
npm timing idealTree:node_modules/cachedir Completed in 0ms
npm timing idealTree:node_modules/caseless Completed in 0ms
npm http fetch GET 200 https://registry.npmjs.org/color-convert 37ms (cache revalidated)
npm timing idealTree:node_modules/chalk Completed in 39ms
npm http fetch GET 200 https://registry.npmjs.org/color-name 36ms (cache revalidated)
npm timing idealTree:node_modules/ansi-styles Completed in 37ms
npm timing idealTree:node_modules/check-more-types Completed in 0ms
npm timing idealTree:node_modules/cli-cursor Completed in 0ms
npm http fetch GET 200 https://registry.npmjs.org/emoji-regex 35ms (cache revalidated)
npm http fetch GET 200 https://registry.npmjs.org/is-fullwidth-code-point 38ms (cache revalidated)
npm timing idealTree:node_modules/cli-table3 Completed in 40ms
npm timing idealTree:node_modules/@colors/colors Completed in 0ms
npm timing idealTree:node_modules/color-convert Completed in 1ms
npm timing idealTree:node_modules/color-name Completed in 0ms
npm timing idealTree:node_modules/combined-stream Completed in 0ms
npm timing idealTree:node_modules/commander Completed in 0ms
npm timing idealTree:node_modules/common-tags Completed in 0ms
npm timing idealTree:node_modules/dayjs Completed in 0ms
npm timing idealTree:node_modules/debug Completed in 0ms
npm timing idealTree:node_modules/delayed-stream Completed in 0ms
npm timing idealTree:node_modules/enquirer Completed in 1ms
npm timing idealTree:node_modules/ansi-colors Completed in 0ms
npm timing idealTree:node_modules/eventemitter2 Completed in 0ms
npm http fetch GET 200 https://registry.npmjs.org/pump 34ms (cache revalidated)
npm http fetch GET 200 https://registry.npmjs.org/mimic-fn 44ms (cache revalidated)
npm timing idealTree:node_modules/execa Completed in 48ms
npm timing idealTree:node_modules/executable Completed in 0ms
npm timing idealTree:node_modules/extend Completed in 0ms
npm timing idealTree:node_modules/extract-zip Completed in 0ms
npm timing idealTree:node_modules/@types/yauzl Completed in 0ms
npm timing idealTree:node_modules/fast-deep-equal Completed in 0ms
npm http fetch GET 200 https://registry.npmjs.org/is-glob 36ms (cache revalidated)
npm http fetch GET 200 https://registry.npmjs.org/fastq 43ms (cache revalidated)
npm http fetch GET 200 https://registry.npmjs.org/@nodelib%2ffs.scandir 105ms (cache revalidated)
npm timing idealTree:node_modules/fast-glob Completed in 108ms
npm timing idealTree:node_modules/@nodelib/fs.stat Completed in 0ms
npm http fetch GET 200 https://registry.npmjs.org/run-parallel 40ms (cache revalidated)
npm http fetch GET 200 https://registry.npmjs.org/reusify 142ms (cache revalidated)
npm timing idealTree:node_modules/@nodelib/fs.walk Completed in 144ms
npm http fetch GET 200 https://registry.npmjs.org/queue-microtask 34ms (cache revalidated)
npm timing idealTree:node_modules/@nodelib/fs.scandir Completed in 35ms
npm timing idealTree:node_modules/fastq Completed in 1ms
npm timing idealTree:node_modules/figures Completed in 0ms
npm timing idealTree:node_modules/escape-string-regexp Completed in 0ms
npm timing idealTree:node_modules/forever-agent Completed in 0ms
npm timing idealTree:node_modules/form-data Completed in 1ms
npm timing idealTree:node_modules/asynckit Completed in 0ms
npm timing idealTree:node_modules/fs-extra Completed in 1ms
npm timing idealTree:node_modules/at-least-node Completed in 0ms
npm http fetch GET 200 https://registry.npmjs.org/once 43ms (cache revalidated)
npm http fetch GET 200 https://registry.npmjs.org/end-of-stream 43ms (cache revalidated)
npm timing idealTree:node_modules/get-stream Completed in 44ms
npm timing idealTree:node_modules/getos Completed in 1ms
npm timing idealTree:node_modules/async Completed in 0ms
npm http fetch GET 200 https://registry.npmjs.org/is-extglob 39ms (cache revalidated)
npm timing idealTree:node_modules/glob-parent Completed in 40ms
npm timing idealTree:node_modules/graceful-fs Completed in 0ms
npm http fetch GET 200 https://registry.npmjs.org/asn1 41ms (cache revalidated)
npm http fetch GET 200 https://registry.npmjs.org/ecc-jsbn 39ms (cache revalidated)
npm http fetch GET 200 https://registry.npmjs.org/extsprintf 48ms (cache revalidated)
npm http fetch GET 200 https://registry.npmjs.org/jsbn 48ms (cache revalidated)
npm http fetch GET 200 https://registry.npmjs.org/verror 54ms (cache revalidated)
npm http fetch GET 200 https://registry.npmjs.org/safer-buffer 53ms (cache revalidated)
npm http fetch GET 200 https://registry.npmjs.org/tweetnacl 54ms (cache revalidated)
npm http fetch GET 200 https://registry.npmjs.org/getpass 58ms (cache revalidated)
npm http fetch GET 200 https://registry.npmjs.org/json-schema 63ms (cache revalidated)
npm http fetch GET 200 https://registry.npmjs.org/dashdash 65ms (cache revalidated)
npm http fetch GET 200 https://registry.npmjs.org/bcrypt-pbkdf 87ms (cache revalidated)
npm timing idealTree:node_modules/http-signature Completed in 92ms
npm timing idealTree:node_modules/assert-plus Completed in 0ms
npm timing idealTree:node_modules/human-signals Completed in 0ms
npm timing idealTree:node_modules/ieee754 Completed in 0ms
npm http fetch GET 200 https://registry.npmjs.org/inherits 57ms (cache revalidated)
npm timing idealTree:node_modules/image-size Completed in 58ms
npm http fetch GET 200 https://registry.npmjs.org/callsites 43ms (cache revalidated)
npm timing idealTree:node_modules/import-fresh Completed in 45ms
npm timing idealTree:node_modules/is-ci Completed in 0ms
npm timing idealTree:node_modules/ci-info Completed in 0ms
npm timing idealTree:node_modules/is-glob Completed in 0ms
npm timing idealTree:node_modules/is-extglob Completed in 0ms
npm http fetch GET 200 https://registry.npmjs.org/ini 58ms (cache revalidated)
npm timing idealTree:node_modules/is-installed-globally Completed in 58ms
npm timing idealTree:node_modules/global-dirs Completed in 1ms
npm timing idealTree:node_modules/ini Completed in 0ms
npm timing idealTree:node_modules/is-path-inside Completed in 0ms
npm timing idealTree:node_modules/is-stream Completed in 0ms
npm timing idealTree:node_modules/is-typedarray Completed in 0ms
npm timing idealTree:node_modules/isstream Completed in 0ms
npm timing idealTree:node_modules/json-schema-traverse Completed in 0ms
npm timing idealTree:node_modules/json-stringify-safe Completed in 0ms
npm timing idealTree:node_modules/jsonfile Completed in 0ms
npm http fetch GET 200 https://registry.npmjs.org/core-util-is 51ms (cache revalidated)
npm timing idealTree:node_modules/jsprim Completed in 52ms
npm timing idealTree:node_modules/extsprintf Completed in 0ms
npm timing idealTree:node_modules/json-schema Completed in 0ms
npm timing idealTree:node_modules/lazy-ass Completed in 0ms
npm http fetch GET 200 https://registry.npmjs.org/ansi-escapes 39ms (cache revalidated)
npm http fetch GET 200 https://registry.npmjs.org/aggregate-error 38ms (cache revalidated)
npm http fetch GET 200 https://registry.npmjs.org/tslib 44ms (cache revalidated)
npm http fetch GET 200 https://registry.npmjs.org/slice-ansi 46ms (cache revalidated)
npm http fetch GET 200 https://registry.npmjs.org/slice-ansi 77ms (cache revalidated)
npm timing idealTree:node_modules/listr2 Completed in 81ms
npm http fetch GET 200 https://registry.npmjs.org/astral-regex 60ms (cache revalidated)
npm timing idealTree:node_modules/cli-truncate Completed in 62ms
npm timing idealTree:node_modules/colorette Completed in 0ms
npm timing idealTree:node_modules/lodash Completed in 0ms
npm timing idealTree:node_modules/lodash.once Completed in 0ms
npm timing idealTree:node_modules/log-symbols Completed in 0ms
npm timing idealTree:node_modules/is-unicode-supported Completed in 0ms
npm http fetch GET 200 https://registry.npmjs.org/type-fest 40ms (cache revalidated)
npm timing idealTree:node_modules/log-update Completed in 42ms
npm timing idealTree:node_modules/ansi-escapes Completed in 0ms
npm timing idealTree:node_modules/merge-stream Completed in 0ms
npm timing idealTree:node_modules/merge2 Completed in 0ms
npm http fetch GET 200 https://registry.npmjs.org/fill-range 44ms (cache revalidated)
npm timing idealTree:node_modules/micromatch Completed in 46ms
npm http fetch GET 200 https://registry.npmjs.org/to-regex-range 69ms (cache revalidated)
npm timing idealTree:node_modules/braces Completed in 70ms
npm http fetch GET 200 https://registry.npmjs.org/is-number 50ms (cache revalidated)
npm timing idealTree:node_modules/fill-range Completed in 52ms
npm timing idealTree:node_modules/mime-types Completed in 0ms
npm timing idealTree:node_modules/mime-db Completed in 0ms
npm timing idealTree:node_modules/minimist Completed in 0ms
npm http fetch GET 200 https://registry.npmjs.org/normalize-path 45ms (cache revalidated)
npm http fetch GET 200 https://registry.npmjs.org/cliui 40ms (cache revalidated)
npm http fetch GET 200 https://registry.npmjs.org/readdirp 47ms (cache revalidated)
npm http fetch GET 200 https://registry.npmjs.org/randombytes 50ms (cache revalidated)
npm http fetch GET 200 https://registry.npmjs.org/brace-expansion 51ms (cache revalidated)
npm http fetch GET 200 https://registry.npmjs.org/get-caller-file 50ms (cache revalidated)
npm http fetch GET 200 https://registry.npmjs.org/is-binary-path 62ms (cache revalidated)
npm http fetch GET 200 https://registry.npmjs.org/locate-path 62ms (cache revalidated)
npm http fetch GET 200 https://registry.npmjs.org/camelcase 57ms (cache revalidated)
npm http fetch GET 200 https://registry.npmjs.org/fsevents 68ms (cache revalidated)
npm http fetch GET 200 https://registry.npmjs.org/y18n 63ms (cache revalidated)
npm http fetch GET 200 https://registry.npmjs.org/argparse 68ms (cache revalidated)
npm http fetch GET 200 https://registry.npmjs.org/require-directory 65ms (cache revalidated)
npm http fetch GET 200 https://registry.npmjs.org/fs.realpath 70ms (cache revalidated)
npm http fetch GET 200 https://registry.npmjs.org/path-exists 74ms (cache revalidated)
npm http fetch GET 200 https://registry.npmjs.org/path-is-absolute 80ms (cache revalidated)
npm http fetch GET 200 https://registry.npmjs.org/escalade 82ms (cache revalidated)
npm http fetch GET 200 https://registry.npmjs.org/is-plain-obj 81ms (cache revalidated)
npm http fetch GET 200 https://registry.npmjs.org/inflight 88ms (cache revalidated)
npm http fetch GET 200 https://registry.npmjs.org/decamelize 98ms (cache revalidated)
npm http fetch GET 200 https://registry.npmjs.org/flat 179ms (cache revalidated)
npm http fetch GET 200 https://registry.npmjs.org/anymatch 470ms (cache revalidated)
npm timing idealTree:node_modules/mocha Completed in 476ms
npm timing idealTree:node_modules/@ungap/promise-all-settled Completed in 0ms
npm timing idealTree:node_modules/browser-stdout Completed in 0ms
npm http fetch GET 200 https://registry.npmjs.org/binary-extensions 48ms (cache revalidated)
npm timing idealTree:node_modules/chokidar Completed in 50ms
npm timing idealTree:node_modules/anymatch Completed in 0ms
npm timing idealTree:node_modules/diff Completed in 0ms
npm http fetch GET 200 https://registry.npmjs.org/p-locate 42ms (cache revalidated)
npm timing idealTree:node_modules/find-up Completed in 43ms
npm timing idealTree:node_modules/fsevents Completed in 0ms
npm http fetch GET 200 https://registry.npmjs.org/wrappy 38ms (cache revalidated)
npm timing idealTree:node_modules/glob Completed in 40ms
npm timing idealTree:node_modules/fs.realpath Completed in 0ms
npm timing idealTree:node_modules/he Completed in 0ms
npm timing idealTree:node_modules/inflight Completed in 1ms
npm timing idealTree:node_modules/inherits Completed in 0ms
npm timing idealTree:node_modules/is-binary-path Completed in 0ms
npm timing idealTree:node_modules/binary-extensions Completed in 0ms
npm timing idealTree:node_modules/js-yaml Completed in 1ms
npm timing idealTree:node_modules/argparse Completed in 0ms
npm http fetch GET 200 https://registry.npmjs.org/p-limit 42ms (cache revalidated)
npm timing idealTree:node_modules/locate-path Completed in 43ms
npm http fetch GET 200 https://registry.npmjs.org/balanced-match 57ms (cache revalidated)
npm timing idealTree:node_modules/minimatch Completed in 57ms
npm timing idealTree:node_modules/brace-expansion Completed in 1ms
npm timing idealTree:node_modules/balanced-match Completed in 0ms
npm http fetch GET 200 https://registry.npmjs.org/tcomb 35ms (cache revalidated)
npm http fetch GET 200 https://registry.npmjs.org/opener 39ms (cache revalidated)
npm http fetch GET 200 https://registry.npmjs.org/fsu 44ms (cache revalidated)
npm http fetch GET 200 https://registry.npmjs.org/escape-html 49ms (cache revalidated)
npm http fetch GET 200 https://registry.npmjs.org/validator 47ms (cache revalidated)
npm http fetch GET 200 https://registry.npmjs.org/prop-types 53ms (cache revalidated)
npm http fetch GET 200 https://registry.npmjs.org/tcomb-validation 56ms (cache revalidated)
npm http fetch GET 200 https://registry.npmjs.org/ansi-regex 71ms (cache revalidated)
npm http fetch GET 200 https://registry.npmjs.org/dateformat 139ms (cache revalidated)
npm timing idealTree:node_modules/mochawesome Completed in 142ms
npm timing idealTree:node_modules/lodash.isempty Completed in 0ms
npm timing idealTree:node_modules/lodash.isfunction Completed in 0ms
npm timing idealTree:node_modules/lodash.isobject Completed in 0ms
npm timing idealTree:node_modules/lodash.isstring Completed in 0ms
npm http fetch GET 200 https://registry.npmjs.org/loose-envify 49ms (cache revalidated)
npm http fetch GET 200 https://registry.npmjs.org/object-assign 52ms (cache revalidated)
npm http fetch GET 200 https://registry.npmjs.org/react-is 163ms (cache updated)
npm timing idealTree:node_modules/mochawesome-report-generator Completed in 174ms
npm timing idealTree:node_modules/dateformat Completed in 0ms
npm timing idealTree:node_modules/escape-html Completed in 0ms
npm timing idealTree:node_modules/fsu Completed in 0ms
npm timing idealTree:node_modules/ms Completed in 0ms
npm timing idealTree:node_modules/nanoid Completed in 0ms
npm timing idealTree:node_modules/normalize-path Completed in 0ms
npm timing idealTree:node_modules/npm-run-path Completed in 0ms
npm timing idealTree:node_modules/once Completed in 0ms
npm timing idealTree:node_modules/onetime Completed in 1ms
npm timing idealTree:node_modules/mimic-fn Completed in 0ms
npm timing idealTree:node_modules/opener Completed in 0ms
npm timing idealTree:node_modules/ospath Completed in 0ms
npm http fetch GET 200 https://registry.npmjs.org/yocto-queue 46ms (cache revalidated)
npm timing idealTree:node_modules/p-locate Completed in 49ms
npm timing idealTree:node_modules/p-limit Completed in 1ms
npm http fetch GET 200 https://registry.npmjs.org/clean-stack 44ms (cache revalidated)
npm http fetch GET 200 https://registry.npmjs.org/indent-string 44ms (cache revalidated)
npm timing idealTree:node_modules/p-map Completed in 45ms
npm timing idealTree:node_modules/aggregate-error Completed in 1ms
npm timing idealTree:node_modules/clean-stack Completed in 0ms
npm timing idealTree:node_modules/indent-string Completed in 0ms
npm timing idealTree:node_modules/parent-module Completed in 0ms
npm timing idealTree:node_modules/callsites Completed in 0ms
npm http fetch GET 200 https://registry.npmjs.org/is-arrayish 56ms (cache revalidated)
npm http fetch GET 200 https://registry.npmjs.org/@babel%2fhighlight 70ms (cache revalidated)
npm timing idealTree:node_modules/parse-json Completed in 73ms
npm http fetch GET 200 https://registry.npmjs.org/js-tokens 43ms (cache revalidated)
npm http fetch GET 200 https://registry.npmjs.org/@babel%2fhelper-validator-identifier 74ms (cache revalidated)
npm timing idealTree:node_modules/@babel/code-frame Completed in 75ms
npm timing idealTree:node_modules/@babel/highlight Completed in 2ms
npm timing idealTree:node_modules/@babel/helper-validator-identifier Completed in 0ms
npm timing idealTree:node_modules/error-ex Completed in 0ms
npm timing idealTree:node_modules/is-arrayish Completed in 0ms
npm timing idealTree:node_modules/js-tokens Completed in 0ms
npm timing idealTree:node_modules/json-parse-even-better-errors Completed in 0ms
npm timing idealTree:node_modules/lines-and-columns Completed in 0ms
npm timing idealTree:node_modules/path-exists Completed in 0ms
npm timing idealTree:node_modules/path-is-absolute Completed in 0ms
npm timing idealTree:node_modules/path-key Completed in 0ms
npm timing idealTree:node_modules/path-to-regexp Completed in 0ms
npm timing idealTree:node_modules/path-type Completed in 0ms
npm timing idealTree:node_modules/performance-now Completed in 0ms
npm timing idealTree:node_modules/picomatch Completed in 0ms
npm timing idealTree:node_modules/pify Completed in 0ms
npm timing idealTree:node_modules/pretty-bytes Completed in 0ms
npm timing idealTree:node_modules/prop-types Completed in 1ms
npm timing idealTree:node_modules/loose-envify Completed in 0ms
npm timing idealTree:node_modules/object-assign Completed in 0ms
npm timing idealTree:node_modules/proxy-from-env Completed in 0ms
npm timing idealTree:node_modules/pump Completed in 1ms
npm timing idealTree:node_modules/end-of-stream Completed in 0ms
npm timing idealTree:node_modules/qs Completed in 0ms
npm timing idealTree:node_modules/queue Completed in 0ms
npm timing idealTree:node_modules/react-is Completed in 0ms
npm timing idealTree:node_modules/readdirp Completed in 0ms
npm timing idealTree:node_modules/request-progress Completed in 0ms
npm timing idealTree:node_modules/require-from-string Completed in 0ms
npm timing idealTree:node_modules/resolve-from Completed in 0ms
npm timing idealTree:node_modules/restore-cursor Completed in 0ms
npm timing idealTree:node_modules/reusify Completed in 0ms
npm timing idealTree:node_modules/rfdc Completed in 0ms
npm timing idealTree:node_modules/rimraf Completed in 0ms
npm timing idealTree:node_modules/run-parallel Completed in 0ms
npm timing idealTree:node_modules/queue-microtask Completed in 0ms
npm timing idealTree:node_modules/rxjs Completed in 0ms
npm timing idealTree:node_modules/safe-buffer Completed in 0ms
npm http fetch GET 200 https://registry.npmjs.org/yallist 59ms (cache revalidated)
npm timing idealTree:node_modules/semver Completed in 61ms
npm timing idealTree:node_modules/lru-cache Completed in 0ms
npm timing idealTree:node_modules/serialize-javascript Completed in 1ms
npm timing idealTree:node_modules/randombytes Completed in 0ms
npm timing idealTree:node_modules/shebang-command Completed in 0ms
npm timing idealTree:node_modules/shebang-regex Completed in 0ms
npm timing idealTree:node_modules/signal-exit Completed in 0ms
npm timing idealTree:node_modules/slice-ansi Completed in 1ms
npm timing idealTree:node_modules/astral-regex Completed in 0ms
npm timing idealTree:node_modules/is-fullwidth-code-point Completed in 0ms
npm timing idealTree:node_modules/sshpk Completed in 3ms
npm timing idealTree:node_modules/asn1 Completed in 0ms
npm timing idealTree:node_modules/bcrypt-pbkdf Completed in 0ms
npm timing idealTree:node_modules/dashdash Completed in 0ms
npm timing idealTree:node_modules/ecc-jsbn Completed in 0ms
npm timing idealTree:node_modules/getpass Completed in 0ms
npm timing idealTree:node_modules/jsbn Completed in 0ms
npm timing idealTree:node_modules/safer-buffer Completed in 0ms
npm timing idealTree:node_modules/string-width Completed in 1ms
npm timing idealTree:node_modules/emoji-regex Completed in 0ms
npm timing idealTree:node_modules/strip-ansi Completed in 0ms
npm timing idealTree:node_modules/ansi-regex Completed in 0ms
npm timing idealTree:node_modules/strip-final-newline Completed in 0ms
npm timing idealTree:node_modules/strip-json-comments Completed in 0ms
npm timing idealTree:node_modules/supports-color Completed in 1ms
npm timing idealTree:node_modules/has-flag Completed in 0ms
npm timing idealTree:node_modules/tcomb Completed in 0ms
npm timing idealTree:node_modules/tcomb-validation Completed in 0ms
npm timing idealTree:node_modules/throttleit Completed in 0ms
npm timing idealTree:node_modules/through Completed in 0ms
npm timing idealTree:node_modules/tmp Completed in 0ms
npm timing idealTree:node_modules/to-regex-range Completed in 0ms
npm timing idealTree:node_modules/is-number Completed in 0ms
npm timing idealTree:node_modules/tough-cookie Completed in 1ms
npm timing idealTree:node_modules/psl Completed in 0ms
npm timing idealTree:node_modules/punycode Completed in 0ms
npm timing idealTree:node_modules/tslib Completed in 0ms
npm timing idealTree:node_modules/tunnel-agent Completed in 0ms
npm timing idealTree:node_modules/tweetnacl Completed in 0ms
npm timing idealTree:node_modules/type-fest Completed in 0ms
npm timing idealTree:node_modules/universalify Completed in 0ms
npm timing idealTree:node_modules/untildify Completed in 0ms
npm timing idealTree:node_modules/uri-js Completed in 0ms
npm timing idealTree:node_modules/uuid Completed in 0ms
npm timing idealTree:node_modules/validator Completed in 0ms
npm timing idealTree:node_modules/verror Completed in 0ms
npm timing idealTree:node_modules/core-util-is Completed in 0ms
npm timing idealTree:node_modules/which Completed in 0ms
npm timing idealTree:node_modules/isexe Completed in 0ms
npm timing idealTree:node_modules/workerpool Completed in 0ms
npm timing idealTree:node_modules/wrap-ansi Completed in 0ms
npm timing idealTree:node_modules/wrappy Completed in 0ms
npm timing idealTree:node_modules/ws Completed in 0ms
npm timing idealTree:node_modules/yallist Completed in 0ms
npm timing idealTree:node_modules/yaml Completed in 0ms
npm timing idealTree:node_modules/yargs Completed in 1ms
npm timing idealTree:node_modules/cliui Completed in 0ms
npm timing idealTree:node_modules/escalade Completed in 0ms
npm timing idealTree:node_modules/get-caller-file Completed in 0ms
npm timing idealTree:node_modules/require-directory Completed in 0ms
npm timing idealTree:node_modules/y18n Completed in 0ms
npm timing idealTree:node_modules/yargs-parser Completed in 0ms
npm timing idealTree:node_modules/yargs-unparser Completed in 1ms
npm timing idealTree:node_modules/camelcase Completed in 0ms
npm timing idealTree:node_modules/decamelize Completed in 0ms
npm timing idealTree:node_modules/flat Completed in 0ms
npm timing idealTree:node_modules/is-plain-obj Completed in 0ms
npm http fetch GET 200 https://registry.npmjs.org/pend 58ms (cache revalidated)
npm timing idealTree:node_modules/yauzl Completed in 59ms
npm timing idealTree:node_modules/buffer-crc32 Completed in 0ms
npm timing idealTree:node_modules/fd-slicer Completed in 1ms
npm timing idealTree:node_modules/pend Completed in 0ms
npm timing idealTree:node_modules/yocto-queue Completed in 0ms
npm timing idealTree:node_modules/@babel/highlight/node_modules/chalk Completed in 1ms
npm timing idealTree:node_modules/@babel/highlight/node_modules/ansi-styles Completed in 0ms
npm timing idealTree:node_modules/@babel/highlight/node_modules/color-convert Completed in 0ms
npm timing idealTree:node_modules/@babel/highlight/node_modules/color-name Completed in 0ms
npm timing idealTree:node_modules/@babel/highlight/node_modules/supports-color Completed in 0ms
npm timing idealTree:node_modules/@babel/highlight/node_modules/has-flag Completed in 0ms
npm timing idealTree:node_modules/@cypress/xvfb/node_modules/debug Completed in 0ms
npm timing idealTree:node_modules/chalk/node_modules/supports-color Completed in 0ms
npm timing idealTree:node_modules/cosmiconfig/node_modules/yaml Completed in 0ms
npm http fetch GET 200 https://registry.npmjs.org/concat-map 49ms (cache revalidated)
npm timing idealTree:node_modules/glob/node_modules/minimatch Completed in 50ms
npm timing idealTree:node_modules/glob/node_modules/brace-expansion Completed in 1ms
npm timing idealTree:node_modules/concat-map Completed in 0ms
npm timing idealTree:node_modules/log-update/node_modules/slice-ansi Completed in 0ms
npm timing idealTree:node_modules/log-update/node_modules/wrap-ansi Completed in 0ms
npm timing idealTree:node_modules/mocha/node_modules/ansi-colors Completed in 0ms
npm timing idealTree:node_modules/mocha/node_modules/escape-string-regexp Completed in 0ms
npm timing idealTree:node_modules/mocha/node_modules/ms Completed in 0ms
npm timing idealTree:node_modules/mochawesome-report-generator/node_modules/fs-extra Completed in 0ms
npm timing idealTree:node_modules/mochawesome-report-generator/node_modules/yargs Completed in 0ms
npm timing idealTree:node_modules/mochawesome-report-generator/node_modules/yargs-parser Completed in 0ms
npm timing idealTree:buildDeps Completed in 11452ms
npm timing idealTree:fixDepFlags Completed in 1ms
npm timing idealTree Completed in 11461ms
npm timing reify:loadTrees Completed in 11461ms
npm timing reify:diffTrees Completed in 2ms
npm timing reify:retireShallow Completed in 0ms
npm timing reify:createSparse Completed in 21ms
npm timing reify:loadBundles Completed in 0ms
npm timing reifyNode:node_modules/buffer-crc32 Completed in 413ms
npm timing reifyNode:node_modules/is-number Completed in 413ms
npm timing reifyNode:node_modules/end-of-stream Completed in 416ms
npm timing reifyNode:node_modules/object-assign Completed in 416ms
npm timing reifyNode:node_modules/error-ex Completed in 417ms
npm timing reifyNode:node_modules/escape-html Completed in 418ms
npm timing reifyNode:node_modules/lodash.isstring Completed in 418ms
npm timing reifyNode:node_modules/lodash.isfunction Completed in 418ms
npm timing reifyNode:node_modules/lodash.isobject Completed in 419ms
npm timing reifyNode:node_modules/wrappy Completed in 424ms
npm timing reifyNode:node_modules/inflight Completed in 424ms
npm timing reifyNode:node_modules/path-is-absolute Completed in 425ms
npm timing reifyNode:node_modules/once Completed in 425ms
npm timing reifyNode:node_modules/normalize-path Completed in 425ms
npm timing reifyNode:node_modules/browser-stdout Completed in 427ms
npm timing reifyNode:node_modules/slice-ansi Completed in 427ms
npm timing reifyNode:node_modules/wrap-ansi Completed in 427ms
npm timing reifyNode:node_modules/ini Completed in 428ms
npm timing reifyNode:node_modules/resolve-from Completed in 428ms
npm timing reifyNode:node_modules/universalify Completed in 429ms
npm timing reifyNode:node_modules/parent-module Completed in 429ms
npm timing reifyNode:node_modules/run-parallel Completed in 429ms
npm timing reifyNode:node_modules/is-extglob Completed in 429ms
npm timing reifyNode:node_modules/at-least-node Completed in 429ms
npm timing reifyNode:node_modules/merge2 Completed in 430ms
npm timing reifyNode:node_modules/pify Completed in 430ms
npm timing reifyNode:node_modules/strip-final-newline Completed in 430ms
npm timing reifyNode:node_modules/merge-stream Completed in 430ms
npm timing reifyNode:node_modules/color-name Completed in 430ms
npm timing reifyNode:node_modules/@types/yauzl Completed in 430ms
npm timing reifyNode:node_modules/ms Completed in 431ms
npm timing reifyNode:node_modules/lodash.once Completed in 431ms
npm timing reifyNode:node_modules/escape-string-regexp Completed in 431ms
npm timing reifyNode:node_modules/executable Completed in 432ms
npm timing reifyNode:node_modules/parse-json Completed in 433ms
npm timing reifyNode:node_modules/require-from-string Completed in 433ms
npm timing reifyNode:node_modules/shebang-command Completed in 433ms
npm timing reifyNode:node_modules/@types/sinonjs__fake-timers Completed in 434ms
npm timing reifyNode:node_modules/@types/parse-json Completed in 435ms
npm timing reifyNode:node_modules/@babel/highlight/node_modules/has-flag Completed in 439ms
npm timing reifyNode:node_modules/@babel/highlight/node_modules/ansi-styles Completed in 440ms
npm timing reifyNode:node_modules/@types/sizzle Completed in 438ms
npm timing reifyNode:node_modules/log-update/node_modules/wrap-ansi Completed in 439ms
npm timing reifyNode:node_modules/log-update/node_modules/slice-ansi Completed in 439ms
npm timing reifyNode:node_modules/@cypress/xvfb Completed in 438ms
npm timing reifyNode:node_modules/is-plain-obj Completed in 443ms
npm timing reifyNode:node_modules/glob/node_modules/brace-expansion Completed in 441ms
npm timing reifyNode:node_modules/pend Completed in 443ms
npm timing reifyNode:node_modules/decamelize Completed in 443ms
npm timing reifyNode:node_modules/camelcase Completed in 443ms
npm timing reifyNode:node_modules/has-flag Completed in 443ms
npm timing reifyNode:node_modules/ansi-regex Completed in 443ms
npm timing reifyNode:node_modules/shebang-regex Completed in 443ms
npm timing reifyNode:node_modules/is-fullwidth-code-point Completed in 443ms
npm timing reifyNode:node_modules/astral-regex Completed in 444ms
npm timing reifyNode:node_modules/queue-microtask Completed in 444ms
npm timing reifyNode:node_modules/@babel/highlight Completed in 444ms
npm timing reifyNode:node_modules/mocha/node_modules/ms Completed in 441ms
npm timing reifyNode:node_modules/json-parse-even-better-errors Completed in 444ms
npm timing reifyNode:node_modules/indent-string Completed in 444ms
npm timing reifyNode:node_modules/@babel/code-frame Completed in 444ms
npm timing reifyNode:node_modules/clean-stack Completed in 444ms
npm timing reifyNode:node_modules/aggregate-error Completed in 444ms
npm timing reifyNode:node_modules/p-limit Completed in 445ms
npm timing reifyNode:node_modules/mimic-fn Completed in 445ms
npm timing reifyNode:node_modules/yocto-queue Completed in 445ms
npm timing reifyNode:node_modules/strip-ansi Completed in 445ms
npm timing reifyNode:node_modules/p-locate Completed in 444ms
npm timing reifyNode:node_modules/lru-cache Completed in 445ms
npm timing reifyNode:node_modules/inherits Completed in 444ms
npm timing reifyNode:node_modules/lodash.isempty Completed in 444ms
npm timing reifyNode:node_modules/locate-path Completed in 444ms
npm timing reifyNode:node_modules/is-binary-path Completed in 445ms
npm timing reifyNode:node_modules/anymatch Completed in 445ms
npm timing reifyNode:node_modules/path-exists Completed in 445ms
npm timing reifyNode:node_modules/find-up Completed in 445ms
npm timing reifyNode:node_modules/strip-json-comments Completed in 445ms
npm timing reifyNode:node_modules/serialize-javascript Completed in 445ms
npm timing reifyNode:node_modules/fill-range Completed in 445ms
npm timing reifyNode:node_modules/is-unicode-supported Completed in 445ms
npm timing reifyNode:node_modules/callsites Completed in 447ms
npm timing reifyNode:node_modules/to-regex-range Completed in 446ms
npm http fetch POST 200 https://registry.npmjs.org/-/npm/v1/security/advisories/bulk 450ms
npm timing auditReport:getReport Completed in 454ms
npm timing auditReport:init Completed in 0ms
npm timing reify:audit Completed in 456ms
npm timing reifyNode:node_modules/is-path-inside Completed in 448ms
npm timing reifyNode:node_modules/log-update Completed in 448ms
npm timing reifyNode:node_modules/queue Completed in 449ms
npm timing reifyNode:node_modules/assert-plus Completed in 449ms
npm timing reifyNode:node_modules/cli-truncate Completed in 449ms
npm timing reifyNode:node_modules/p-map Completed in 449ms
npm timing reifyNode:node_modules/is-glob Completed in 450ms
npm timing reifyNode:node_modules/glob-parent Completed in 450ms
npm timing reifyNode:node_modules/onetime Completed in 450ms
npm timing reifyNode:node_modules/global-dirs Completed in 450ms
npm timing reifyNode:node_modules/npm-run-path Completed in 450ms
npm timing reifyNode:node_modules/is-stream Completed in 450ms
npm timing reifyNode:node_modules/restore-cursor Completed in 450ms
npm timing reifyNode:node_modules/ieee754 Completed in 450ms
npm timing reifyNode:node_modules/string-width Completed in 451ms
npm timing reifyNode:node_modules/signal-exit Completed in 451ms
npm timing reifyNode:node_modules/tunnel-agent Completed in 451ms
npm timing reifyNode:node_modules/forever-agent Completed in 451ms
npm timing reifyNode:node_modules/is-typedarray Completed in 451ms
npm timing reifyNode:node_modules/caseless Completed in 451ms
npm timing reifyNode:node_modules/untildify Completed in 451ms
npm timing reifyNode:node_modules/ospath Completed in 452ms
npm timing reifyNode:node_modules/supports-color Completed in 452ms
npm timing reifyNode:node_modules/pretty-bytes Completed in 452ms
npm timing reifyNode:node_modules/figures Completed in 453ms
npm timing reifyNode:node_modules/is-installed-globally Completed in 453ms
npm timing reifyNode:node_modules/aws-sign2 Completed in 454ms
npm timing reifyNode:node_modules/cli-cursor Completed in 454ms
npm timing reifyNode:node_modules/path-key Completed in 454ms
npm timing reifyNode:node_modules/import-fresh Completed in 455ms
npm timing reifyNode:node_modules/path-type Completed in 455ms
npm timing reifyNode:node_modules/@babel/highlight/node_modules/supports-color Completed in 459ms
npm timing reifyNode:node_modules/mocha/node_modules/escape-string-regexp Completed in 456ms
npm timing reifyNode:node_modules/chalk/node_modules/supports-color Completed in 457ms
npm timing reifyNode:node_modules/js-tokens Completed in 461ms
npm timing reifyNode:node_modules/lines-and-columns Completed in 461ms
npm timing reifyNode:node_modules/yallist Completed in 461ms
npm timing reifyNode:node_modules/tcomb-validation Completed in 461ms
npm timing reifyNode:node_modules/fsu Completed in 461ms
npm timing reifyNode:node_modules/dateformat Completed in 461ms
npm timing reifyNode:node_modules/get-caller-file Completed in 463ms
npm timing reifyNode:node_modules/balanced-match Completed in 461ms
npm timing reifyNode:node_modules/brace-expansion Completed in 461ms
npm timing reifyNode:node_modules/yargs-unparser Completed in 461ms
npm timing reifyNode:node_modules/fs.realpath Completed in 461ms
npm timing reifyNode:node_modules/ansi-escapes Completed in 461ms
npm timing reifyNode:node_modules/ansi-styles Completed in 462ms
npm timing reifyNode:node_modules/base64-js Completed in 462ms
npm timing reifyNode:node_modules/log-symbols Completed in 462ms
npm timing reifyNode:node_modules/combined-stream Completed in 462ms
npm timing reifyNode:node_modules/is-ci Completed in 462ms
npm timing reifyNode:node_modules/cachedir Completed in 462ms
npm timing reifyNode:node_modules/arch Completed in 463ms
npm timing reifyNode:node_modules/extract-zip Completed in 463ms
npm timing reifyNode:node_modules/micromatch Completed in 463ms
npm timing reifyNode:node_modules/@percy/dom Completed in 464ms
npm timing reifyNode:node_modules/@percy/cypress Completed in 465ms
npm timing reifyNode:node_modules/getpass Completed in 468ms
npm timing reifyNode:node_modules/opener Completed in 469ms
npm timing reifyNode:node_modules/binary-extensions Completed in 468ms
npm timing reifyNode:node_modules/readdirp Completed in 468ms
npm timing reifyNode:node_modules/pump Completed in 468ms
npm timing reifyNode:node_modules/get-stream Completed in 468ms
npm timing reifyNode:node_modules/delayed-stream Completed in 470ms
npm timing reifyNode:node_modules/content-disposition Completed in 472ms
npm timing reifyNode:node_modules/mime-types Completed in 472ms
npm timing reifyNode:node_modules/@babel/highlight/node_modules/color-name Completed in 475ms
npm timing reifyNode:node_modules/which Completed in 473ms
npm timing reifyNode:node_modules/glob/node_modules/minimatch Completed in 476ms
npm timing reifyNode:node_modules/punycode Completed in 477ms
npm timing reifyNode:node_modules/require-directory Completed in 479ms
npm timing reifyNode:node_modules/randombytes Completed in 478ms
npm timing reifyNode:node_modules/loose-envify Completed in 478ms
npm timing reifyNode:node_modules/bcrypt-pbkdf Completed in 478ms
npm timing reifyNode:node_modules/is-arrayish Completed in 478ms
npm timing reifyNode:node_modules/minimatch Completed in 478ms
npm timing reifyNode:node_modules/colorette Completed in 477ms
npm timing reifyNode:node_modules/json-schema Completed in 478ms
npm timing reifyNode:node_modules/jsonfile Completed in 478ms
npm timing reifyNode:node_modules/graceful-fs Completed in 478ms
npm timing reifyNode:node_modules/yauzl Completed in 478ms
npm timing reifyNode:node_modules/rimraf Completed in 479ms
npm timing reifyNode:node_modules/safe-buffer Completed in 479ms
npm timing reifyNode:node_modules/@percy/cli-upload Completed in 480ms
npm timing reifyNode:node_modules/@percy/cli-build Completed in 480ms
npm timing reifyNode:node_modules/@percy/cli-snapshot Completed in 480ms
npm timing reifyNode:node_modules/concat-map Completed in 485ms
npm timing reifyNode:node_modules/core-util-is Completed in 484ms
npm timing reifyNode:node_modules/@babel/helper-validator-identifier Completed in 484ms
npm timing reifyNode:node_modules/throttleit Completed in 485ms
npm timing reifyNode:node_modules/color-convert Completed in 485ms
npm timing reifyNode:node_modules/ci-info Completed in 485ms
npm timing reifyNode:node_modules/ansi-colors Completed in 485ms
npm timing reifyNode:node_modules/lazy-ass Completed in 484ms
npm timing reifyNode:node_modules/debug Completed in 485ms
npm timing reifyNode:node_modules/@percy/logger Completed in 488ms
npm timing reifyNode:node_modules/@babel/highlight/node_modules/color-convert Completed in 491ms
npm timing reifyNode:node_modules/mocha/node_modules/ansi-colors Completed in 488ms
npm timing reifyNode:node_modules/@percy/cli-config Completed in 489ms
npm timing reifyNode:node_modules/isexe Completed in 492ms
npm timing reifyNode:node_modules/flat Completed in 493ms
npm timing reifyNode:node_modules/safer-buffer Completed in 492ms
npm timing reifyNode:node_modules/@ungap/promise-all-settled Completed in 492ms
npm timing reifyNode:node_modules/jsprim Completed in 492ms
npm timing reifyNode:node_modules/extend Completed in 491ms
npm timing reifyNode:node_modules/aws4 Completed in 491ms
npm timing reifyNode:node_modules/request-progress Completed in 492ms
npm timing reifyNode:node_modules/proxy-from-env Completed in 492ms
npm timing reifyNode:node_modules/isstream Completed in 493ms
npm timing reifyNode:node_modules/@percy/env Completed in 493ms
npm timing reifyNode:node_modules/@babel/highlight/node_modules/chalk Completed in 497ms
npm timing reifyNode:node_modules/escalade Completed in 497ms
npm timing reifyNode:node_modules/jsbn Completed in 497ms
npm timing reifyNode:node_modules/react-is Completed in 497ms
npm timing reifyNode:node_modules/glob Completed in 497ms
npm timing reifyNode:node_modules/verror Completed in 496ms
npm timing reifyNode:node_modules/reusify Completed in 497ms
npm timing reifyNode:node_modules/tmp Completed in 497ms
npm timing reifyNode:node_modules/chalk Completed in 497ms
npm timing reifyNode:node_modules/@percy/cli-exec Completed in 498ms
npm timing reifyNode:node_modules/fd-slicer Completed in 502ms
npm timing reifyNode:node_modules/emoji-regex Completed in 501ms
npm timing reifyNode:node_modules/ecc-jsbn Completed in 501ms
npm timing reifyNode:node_modules/extsprintf Completed in 500ms
npm timing reifyNode:node_modules/json-stringify-safe Completed in 501ms
npm timing reifyNode:node_modules/cross-spawn Completed in 503ms
npm timing reifyNode:node_modules/eventemitter2 Completed in 507ms
npm timing reifyNode:node_modules/buffer Completed in 508ms
npm timing reifyNode:node_modules/@percy/cli Completed in 508ms
npm timing reifyNode:node_modules/@cypress/xvfb/node_modules/debug Completed in 508ms
npm timing reifyNode:node_modules/cliui Completed in 512ms
npm timing reifyNode:node_modules/y18n Completed in 513ms
npm timing reifyNode:node_modules/asn1 Completed in 512ms
npm timing reifyNode:node_modules/through Completed in 511ms
npm timing reifyNode:node_modules/rfdc Completed in 512ms
npm timing reifyNode:node_modules/http-signature Completed in 510ms
npm timing reifyNode:node_modules/check-more-types Completed in 510ms
npm timing reifyNode:node_modules/fast-deep-equal Completed in 511ms
npm timing reifyNode:node_modules/@percy/client Completed in 511ms
npm timing reifyNode:node_modules/mochawesome Completed in 512ms
npm timing reifyNode:node_modules/dashdash Completed in 516ms
npm timing reifyNode:node_modules/commander Completed in 514ms
npm timing reifyNode:node_modules/he Completed in 517ms
npm timing reifyNode:node_modules/braces Completed in 518ms
npm timing reifyNode:node_modules/fsevents Completed in 518ms
npm timing reifyNode:node_modules/cli-table3 Completed in 517ms
npm timing reifyNode:node_modules/blob-util Completed in 517ms
npm timing reifyNode:node_modules/tough-cookie Completed in 521ms
npm timing reifyNode:node_modules/execa Completed in 520ms
npm timing reifyNode:node_modules/tslib Completed in 525ms
npm timing reifyNode:node_modules/picomatch Completed in 525ms
npm timing reifyNode:node_modules/chokidar Completed in 525ms
npm timing reifyNode:node_modules/argparse Completed in 525ms
npm timing reifyNode:node_modules/@percy/sdk-utils Completed in 526ms
npm timing reifyNode:node_modules/human-signals Completed in 528ms
npm timing reifyNode:node_modules/yargs-parser Completed in 530ms
npm timing reifyNode:node_modules/form-data Completed in 528ms
npm timing reifyNode:node_modules/prop-types Completed in 532ms
npm timing reifyNode:node_modules/mime-db Completed in 533ms
npm timing reifyNode:node_modules/path-to-regexp Completed in 531ms
npm timing reifyNode:node_modules/json-schema-traverse Completed in 533ms
npm timing reifyNode:node_modules/asynckit Completed in 536ms
npm timing reifyNode:node_modules/fastq Completed in 536ms
npm timing reifyNode:node_modules/performance-now Completed in 537ms
npm timing reifyNode:node_modules/@percy/cli-command Completed in 537ms
npm timing reifyNode:node_modules/@percy/config Completed in 539ms
npm timing reifyNode:node_modules/tweetnacl Completed in 549ms
npm timing reifyNode:node_modules/@nodelib/fs.stat Completed in 548ms
npm timing reifyNode:node_modules/mochawesome-report-generator/node_modules/yargs-parser Completed in 557ms
npm timing reifyNode:node_modules/minimist Completed in 556ms
npm timing reifyNode:node_modules/nanoid Completed in 567ms
npm timing reifyNode:node_modules/@nodelib/fs.scandir Completed in 567ms
npm timing reifyNode:node_modules/@cypress/request Completed in 567ms
npm timing reifyNode:node_modules/@colors/colors Completed in 569ms
npm timing reifyNode:node_modules/ws Completed in 571ms
npm timing reifyNode:node_modules/qs Completed in 575ms
npm timing reifyNode:node_modules/@nodelib/fs.walk Completed in 577ms
npm timing reifyNode:node_modules/psl Completed in 584ms
npm timing reifyNode:node_modules/@percy/core Completed in 592ms
npm timing reifyNode:node_modules/workerpool Completed in 602ms
npm timing reifyNode:node_modules/cosmiconfig Completed in 604ms
npm timing reifyNode:node_modules/type-fest Completed in 610ms
npm timing reifyNode:node_modules/mochawesome-report-generator/node_modules/fs-extra Completed in 617ms
npm timing reifyNode:node_modules/image-size Completed in 615ms
npm timing reifyNode:node_modules/semver Completed in 617ms
npm timing reifyNode:node_modules/sshpk Completed in 623ms
npm timing reifyNode:node_modules/fs-extra Completed in 624ms
npm timing reifyNode:node_modules/enquirer Completed in 627ms
npm timing reifyNode:node_modules/diff Completed in 632ms
npm timing reifyNode:node_modules/js-yaml Completed in 633ms
npm timing reifyNode:node_modules/getos Completed in 638ms
npm timing reifyNode:node_modules/tcomb Completed in 642ms
npm timing reifyNode:node_modules/fast-glob Completed in 640ms
npm timing reifyNode:node_modules/uri-js Completed in 648ms
npm timing reifyNode:node_modules/yargs Completed in 652ms
npm timing reifyNode:node_modules/uuid Completed in 651ms
npm timing reifyNode:node_modules/bluebird Completed in 652ms
npm timing reifyNode:node_modules/listr2 Completed in 657ms
npm timing reifyNode:node_modules/mochawesome-report-generator/node_modules/yargs Completed in 661ms
npm timing reifyNode:node_modules/cosmiconfig/node_modules/yaml Completed in 661ms
npm timing reifyNode:node_modules/mochawesome-report-generator Completed in 664ms
npm timing reifyNode:node_modules/@types/node Completed in 668ms
npm timing reifyNode:node_modules/async Completed in 771ms
npm timing reifyNode:node_modules/common-tags Completed in 772ms
npm timing reifyNode:node_modules/mocha Completed in 789ms
npm timing reifyNode:node_modules/validator Completed in 806ms
npm timing reifyNode:node_modules/yaml Completed in 870ms
npm timing reifyNode:node_modules/dayjs Completed in 958ms
npm timing reifyNode:node_modules/ajv Completed in 975ms
npm timing reifyNode:node_modules/cypress Completed in 1041ms
npm timing reifyNode:node_modules/lodash Completed in 1097ms
npm timing reifyNode:node_modules/rxjs Completed in 1295ms
npm timing reify:unpack Completed in 1297ms
npm timing reify:unretire Completed in 0ms
npm timing build:queue Completed in 4ms
npm timing build:link:node_modules/cypress Completed in 4ms
npm timing build:link:node_modules/is-ci Completed in 4ms
npm timing build:link:node_modules/he Completed in 4ms
npm timing build:link:node_modules/image-size Completed in 4ms
npm timing build:link:node_modules/@percy/cli Completed in 4ms
npm timing build:link:node_modules/extract-zip Completed in 4ms
npm timing build:link:node_modules/js-yaml Completed in 4ms
npm timing build:link:node_modules/mochawesome-report-generator Completed in 4ms
npm timing build:link:node_modules/loose-envify Completed in 5ms
npm timing build:link:node_modules/mocha Completed in 5ms
npm timing build:link:node_modules/flat Completed in 5ms
npm timing build:link:node_modules/semver Completed in 4ms
npm timing build:link:node_modules/nanoid Completed in 4ms
npm timing build:link:node_modules/@percy/cli-command Completed in 5ms
npm timing build:link:node_modules/opener Completed in 4ms
npm timing build:link:node_modules/rimraf Completed in 4ms
npm timing build:link:node_modules/sshpk Completed in 4ms
npm timing build:link:node_modules/which Completed in 4ms
npm timing build:link:node_modules/uuid Completed in 4ms
npm timing build:link Completed in 5ms
npm info run @percy/core@1.8.1 postinstall node_modules/@percy/core node ./post-install
npm info run cypress@9.6.1 postinstall node_modules/cypress node index.js --exec install
npm info run @percy/core@1.8.1 postinstall { code: 0, signal: null }
npm timing build:run:postinstall:node_modules/@percy/core Completed in 54ms
npm info run cypress@9.6.1 postinstall { code: 0, signal: null }
npm timing build:run:postinstall:node_modules/cypress Completed in 306ms
npm timing build:run:postinstall Completed in 320ms
npm timing build:deps Completed in 329ms
npm timing build Completed in 329ms
npm timing reify:build Completed in 330ms
npm timing reify:trash Completed in 1ms
npm timing reify:save Completed in 29ms
npm timing reify Completed in 13163ms

added 294 packages, and audited 295 packages in 13s

44 packages are looking for funding
  run `npm fund` for details

found 0 vulnerabilities
npm timing command:install Completed in 13171ms
npm verb exit 0
npm timing npm Completed in 13231ms
npm info ok 
